<?xml version="1.0" encoding="UTF-8" standalone="no"?>
<testsuite errors="0" failures="0" name="io.cucumber.core.plugin.JUnitFormatter" skipped="0" tests="1" time="17.989">
    <testcase classname="Varify Orange Web Application" name="Verify  used is Successfully Logined" time="17.611">
        <system-out><![CDATA[Given browser is initiated  by the user.....................................passed
When Valied used Login ID and Password......................................passed
Then Home page should be displayed..........................................passed
]]></system-out>
    </testcase>
</testsuite>
